[    1508ms] [ERROR]  Note that 'script-src' was not explicitly set, so 'default-src' is used as a fallback. @ https://thorough-stork-70.accounts.dev/_next/static/chunks/pages/_app-ae82798d2d1e6bbf.js:23
[    1758ms] [WARNING] Clerk: Clerk has been loaded with development keys. Development instances have strict usage limits and should not be used when deploying your application to production. Learn more: https://clerk.com/docs/deployments/overview @ https://thorough-stork-70.accounts.dev/_next/static/chunks/pages/_app-ae82798d2d1e6bbf.js:19
[   45239ms] [ERROR]  Note that 'script-src' was not explicitly set, so 'default-src' is used as a fallback. @ https://thorough-stork-70.accounts.dev/_next/static/chunks/pages/_app-ae82798d2d1e6bbf.js:23
[   45386ms] [WARNING] Clerk: Clerk has been loaded with development keys. Development instances have strict usage limits and should not be used when deploying your application to production. Learn more: https://clerk.com/docs/deployments/overview @ https://thorough-stork-70.accounts.dev/_next/static/chunks/pages/_app-ae82798d2d1e6bbf.js:19
[   51919ms] [ERROR]  Note that 'script-src' was not explicitly set, so 'default-src' is used as a fallback. @ https://thorough-stork-70.accounts.dev/_next/static/chunks/pages/_app-ae82798d2d1e6bbf.js:23
[   52032ms] [WARNING] Clerk: Clerk has been loaded with development keys. Development instances have strict usage limits and should not be used when deploying your application to production. Learn more: https://clerk.com/docs/deployments/overview @ https://thorough-stork-70.accounts.dev/_next/static/chunks/pages/_app-ae82798d2d1e6bbf.js:19
[   60322ms] [ERROR]  Note that 'script-src' was not explicitly set, so 'default-src' is used as a fallback. @ https://thorough-stork-70.accounts.dev/_next/static/chunks/pages/_app-ae82798d2d1e6bbf.js:23
[   60441ms] [WARNING] Clerk: Clerk has been loaded with development keys. Development instances have strict usage limits and should not be used when deploying your application to production. Learn more: https://clerk.com/docs/deployments/overview @ https://thorough-stork-70.accounts.dev/_next/static/chunks/pages/_app-ae82798d2d1e6bbf.js:19
[   68070ms] [ERROR]  Note that 'script-src' was not explicitly set, so 'default-src' is used as a fallback. @ https://thorough-stork-70.accounts.dev/_next/static/chunks/pages/_app-ae82798d2d1e6bbf.js:23
[   68194ms] [WARNING] Clerk: Clerk has been loaded with development keys. Development instances have strict usage limits and should not be used when deploying your application to production. Learn more: https://clerk.com/docs/deployments/overview @ https://thorough-stork-70.accounts.dev/_next/static/chunks/pages/_app-ae82798d2d1e6bbf.js:19
[   83039ms] [ERROR]  Note that 'script-src' was not explicitly set, so 'default-src' is used as a fallback. @ https://thorough-stork-70.accounts.dev/_next/static/chunks/pages/_app-ae82798d2d1e6bbf.js:23
[   83164ms] [WARNING] Clerk: Clerk has been loaded with development keys. Development instances have strict usage limits and should not be used when deploying your application to production. Learn more: https://clerk.com/docs/deployments/overview @ https://thorough-stork-70.accounts.dev/_next/static/chunks/pages/_app-ae82798d2d1e6bbf.js:19
[   91976ms] [ERROR]  Note that 'script-src' was not explicitly set, so 'default-src' is used as a fallback. @ https://thorough-stork-70.accounts.dev/_next/static/chunks/pages/_app-ae82798d2d1e6bbf.js:23
[   92100ms] [WARNING] Clerk: Clerk has been loaded with development keys. Development instances have strict usage limits and should not be used when deploying your application to production. Learn more: https://clerk.com/docs/deployments/overview @ https://thorough-stork-70.accounts.dev/_next/static/chunks/pages/_app-ae82798d2d1e6bbf.js:19
[  101376ms] [ERROR]  Note that 'script-src' was not explicitly set, so 'default-src' is used as a fallback. @ https://thorough-stork-70.accounts.dev/_next/static/chunks/pages/_app-ae82798d2d1e6bbf.js:23
[  101503ms] [WARNING] Clerk: Clerk has been loaded with development keys. Development instances have strict usage limits and should not be used when deploying your application to production. Learn more: https://clerk.com/docs/deployments/overview @ https://thorough-stork-70.accounts.dev/_next/static/chunks/pages/_app-ae82798d2d1e6bbf.js:19
[  122253ms] [ERROR]  Note that 'script-src' was not explicitly set, so 'default-src' is used as a fallback. @ https://thorough-stork-70.accounts.dev/_next/static/chunks/pages/_app-ae82798d2d1e6bbf.js:23
[  122376ms] [WARNING] Clerk: Clerk has been loaded with development keys. Development instances have strict usage limits and should not be used when deploying your application to production. Learn more: https://clerk.com/docs/deployments/overview @ https://thorough-stork-70.accounts.dev/_next/static/chunks/pages/_app-ae82798d2d1e6bbf.js:19
[  290915ms] [ERROR]  Note that 'script-src' was not explicitly set, so 'default-src' is used as a fallback. @ https://thorough-stork-70.accounts.dev/_next/static/chunks/pages/_app-ae82798d2d1e6bbf.js:23
[  291039ms] [WARNING] Clerk: Clerk has been loaded with development keys. Development instances have strict usage limits and should not be used when deploying your application to production. Learn more: https://clerk.com/docs/deployments/overview @ https://thorough-stork-70.accounts.dev/_next/static/chunks/pages/_app-ae82798d2d1e6bbf.js:19
[  297169ms] [ERROR] %c%s%c API fetch failed for https://localhost:7173/api/v1/transactions/projection-metadata?pageSize=200: 403 Forbidden background: #e6e6e6;background: light-dark(rgba(0,0,0,0.1), rgba(255,255,255,0.25));color: #000000;color: light-dark(#000000, #ffffff);border-radius: 2px  Server   @ http://localhost:53832/_next/static/chunks/8cede_next_dist_15f20eb0._.js:3127
[  297169ms] [ERROR] %c%s%c Failed to fetch dashboard data: background: #e6e6e6;background: light-dark(rgba(0,0,0,0.1), rgba(255,255,255,0.25));color: #000000;color: light-dark(#000000, #ffffff);border-radius: 2px  Server   Error: API fetch failed: 403 Forbidden
    at fetchApi (about://React/Server/C:%5CUsers%5Cchrismckee%5CGitHub%5CMosaic-Money%5Csrc%5CMosaicMoney.Web%5C.next%5Cdev%5Cserver%5Cchunks%5Cssr%5Csrc_MosaicMoney_Web_1dc9212e._.js?6:62:15)
    at Promise.all (<anonymous>:1:20)
    at HomePage (about://React/Server/C:%5CUsers%5Cchrismckee%5CGitHub%5CMosaic-Money%5Csrc%5CMosaicMoney.Web%5C.next%5Cdev%5Cserver%5Cchunks%5Cssr%5C%5Broot-of-the-server%5D__a98e5f6d._.js?5:302:124)
    at resolveErrorDev (http://localhost:53832/_next/static/chunks/8cede_next_dist_compiled_react-server-dom-turbopack_961cb383._.js:1894:106)
    at getOutlinedModel (http://localhost:53832/_next/static/chunks/8cede_next_dist_compiled_react-server-dom-turbopack_961cb383._.js:1447:28)
    at parseModelString (http://localhost:53832/_next/static/chunks/8cede_next_dist_compiled_react-server-dom-turbopack_961cb383._.js:1561:50)
    at Object.<anonymous> (http://localhost:53832/_next/static/chunks/8cede_next_dist_compiled_react-server-dom-turbopack_961cb383._.js:2486:55)
    at JSON.parse (<anonymous>)
    at initializeModelChunk (http://localhost:53832/_next/static/chunks/8cede_next_dist_compiled_react-server-dom-turbopack_961cb383._.js:1064:30)
    at getOutlinedModel (http://localhost:53832/_next/static/chunks/8cede_next_dist_compiled_react-server-dom-turbopack_961cb383._.js:1385:17)
    at parseModelString (http://localhost:53832/_next/static/chunks/8cede_next_dist_compiled_react-server-dom-turbopack_961cb383._.js:1615:50)
    at Array.<anonymous> (http://localhost:53832/_next/static/chunks/8cede_next_dist_compiled_react-server-dom-turbopack_961cb383._.js:2486:55)
    at JSON.parse (<anonymous>)
    at initializeModelChunk (http://localhost:53832/_next/static/chunks/8cede_next_dist_compiled_react-server-dom-turbopack_961cb383._.js:1064:30)
    at resolveConsoleEntry (http://localhost:53832/_next/static/chunks/8cede_next_dist_compiled_react-server-dom-turbopack_961cb383._.js:2020:96)
    at processFullStringRow (http://localhost:53832/_next/static/chunks/8cede_next_dist_compiled_react-server-dom-turbopack_961cb383._.js:2421:17)
    at processFullBinaryRow (http://localhost:53832/_next/static/chunks/8cede_next_dist_compiled_react-server-dom-turbopack_961cb383._.js:2361:9)
    at processBinaryChunk (http://localhost:53832/_next/static/chunks/8cede_next_dist_compiled_react-server-dom-turbopack_961cb383._.js:2470:221)
    at progress (http://localhost:53832/_next/static/chunks/8cede_next_dist_compiled_react-server-dom-turbopack_961cb383._.js:2640:13) @ http://localhost:53832/_next/static/chunks/8cede_next_dist_15f20eb0._.js:3127
[  297178ms] [ERROR] %c%s%c API fetch failed for https://localhost:7173/api/v1/transactions?pageSize=5: 403 Forbidden background: #e6e6e6;background: light-dark(rgba(0,0,0,0.1), rgba(255,255,255,0.25));color: #000000;color: light-dark(#000000, #ffffff);border-radius: 2px  Server   @ http://localhost:53832/_next/static/chunks/8cede_next_dist_15f20eb0._.js:3127
[  297404ms] [WARNING] Clerk: Clerk has been loaded with development keys. Development instances have strict usage limits and should not be used when deploying your application to production. Learn more: https://clerk.com/docs/deployments/overview @ http://localhost:53832/_next/static/chunks/8cede_next_dist_15f20eb0._.js:2297
[  302387ms] [ERROR] Failed to load resource: the server responded with a status of 500 (Internal Server Error) @ http://localhost:53832/api/assistant/chat:0
[ 1940119ms] [ERROR] WebSocket connection to 'ws://localhost:53832/_next/webpack-hmr?id=LNgxRLVVJA7Ug53om1Fe5' failed: Error in connection establishment: net::ERR_CONNECTION_REFUSED @ http://localhost:53832/_next/static/chunks/8cede_next_dist_client_22145d7d._.js:10878
[ 1943478ms] [ERROR] WebSocket connection to 'ws://localhost:53832/_next/webpack-hmr?id=LNgxRLVVJA7Ug53om1Fe5' failed: Error in connection establishment: net::ERR_CONNECTION_REFUSED @ http://localhost:53832/_next/static/chunks/8cede_next_dist_client_22145d7d._.js:10878
[ 1946856ms] [ERROR] WebSocket connection to 'ws://localhost:53832/_next/webpack-hmr?id=LNgxRLVVJA7Ug53om1Fe5' failed: Error in connection establishment: net::ERR_CONNECTION_REFUSED @ http://localhost:53832/_next/static/chunks/8cede_next_dist_client_22145d7d._.js:10878
[ 1950228ms] [ERROR] WebSocket connection to 'ws://localhost:53832/_next/webpack-hmr?id=LNgxRLVVJA7Ug53om1Fe5' failed: Error in connection establishment: net::ERR_CONNECTION_REFUSED @ http://localhost:53832/_next/static/chunks/8cede_next_dist_client_22145d7d._.js:10878
[ 1953595ms] [ERROR] WebSocket connection to 'ws://localhost:53832/_next/webpack-hmr?id=LNgxRLVVJA7Ug53om1Fe5' failed: Error in connection establishment: net::ERR_CONNECTION_REFUSED @ http://localhost:53832/_next/static/chunks/8cede_next_dist_client_22145d7d._.js:10878
[ 1960973ms] [ERROR] WebSocket connection to 'ws://localhost:53832/_next/webpack-hmr?id=LNgxRLVVJA7Ug53om1Fe5' failed: Error in connection establishment: net::ERR_CONNECTION_REFUSED @ http://localhost:53832/_next/static/chunks/8cede_next_dist_client_22145d7d._.js:10878
[ 1968350ms] [ERROR] WebSocket connection to 'ws://localhost:53832/_next/webpack-hmr?id=LNgxRLVVJA7Ug53om1Fe5' failed: Error in connection establishment: net::ERR_CONNECTION_REFUSED @ http://localhost:53832/_next/static/chunks/8cede_next_dist_client_22145d7d._.js:10878
[ 1975727ms] [ERROR] WebSocket connection to 'ws://localhost:53832/_next/webpack-hmr?id=LNgxRLVVJA7Ug53om1Fe5' failed: Error in connection establishment: net::ERR_CONNECTION_REFUSED @ http://localhost:53832/_next/static/chunks/8cede_next_dist_client_22145d7d._.js:10878
[ 1983119ms] [ERROR] WebSocket connection to 'ws://localhost:53832/_next/webpack-hmr?id=LNgxRLVVJA7Ug53om1Fe5' failed: Error in connection establishment: net::ERR_CONNECTION_REFUSED @ http://localhost:53832/_next/static/chunks/8cede_next_dist_client_22145d7d._.js:10878
[ 1990496ms] [ERROR] WebSocket connection to 'ws://localhost:53832/_next/webpack-hmr?id=LNgxRLVVJA7Ug53om1Fe5' failed: Error in connection establishment: net::ERR_CONNECTION_REFUSED @ http://localhost:53832/_next/static/chunks/8cede_next_dist_client_22145d7d._.js:10878
[ 1997879ms] [ERROR] WebSocket connection to 'ws://localhost:53832/_next/webpack-hmr?id=LNgxRLVVJA7Ug53om1Fe5' failed: Error in connection establishment: net::ERR_CONNECTION_REFUSED @ http://localhost:53832/_next/static/chunks/8cede_next_dist_client_22145d7d._.js:10878
[ 2005319ms] [ERROR] WebSocket connection to 'ws://localhost:53832/_next/webpack-hmr?id=LNgxRLVVJA7Ug53om1Fe5' failed: Error in connection establishment: net::ERR_CONNECTION_REFUSED @ http://localhost:53832/_next/static/chunks/8cede_next_dist_client_22145d7d._.js:10878
